2024-02-26 08:15:02,557 INFO Insert into tLog and retrieve logID
2024-02-26 08:15:02,729 INFO Created logID: 7e8d7b6e-f08e-46a2-995f-818737568258
2024-02-26 08:15:02,729 INFO Intage SFTP Check Started.
2024-02-26 08:15:08,089 INFO Connected (version 2.0, client OpenSSH_6.7p1)
2024-02-26 08:15:09,402 INFO Authentication (publickey) successful!
2024-02-26 08:15:09,402 INFO 
Accessing Intage SFTP.
2024-02-26 08:15:09,402 INFO Connected.
2024-02-26 08:15:10,152 INFO [chan 0] Opened sftp connection (server version 3)
2024-02-26 08:15:10,636 INFO [chan 0] sftp session closed.
2024-02-26 08:15:10,636 INFO Intage SFTP check completed, no missing file and all files above minimum size, no email will be sent out.
2024-02-26 08:15:10,636 INFO All files are ok: 
2024-02-26 08:15:10,636 INFO {
  "File1": {
    "Name": "/gxl-intage/data/exports/addon/X-2/jp_intage_addon20240224.csv.gz",
    "File size (byte)": 124604540,
    "Expected minimum filesize (byte)": 120000000
  }
}
2024-02-26 08:15:10,636 INFO Updating tLog logID: 7e8d7b6e-f08e-46a2-995f-818737568258 with status: 1
2024-02-26 08:15:10,761 INFO SGTAM log updated.
