2024-03-18 08:15:02,546 INFO Insert into tLog and retrieve logID
2024-03-18 08:15:02,765 INFO Created logID: f0ae96dd-7ce2-49d7-869c-d84b9ac6c9ff
2024-03-18 08:15:02,765 INFO Intage SFTP Check Started.
2024-03-18 08:15:07,000 INFO Connected (version 2.0, client OpenSSH_6.7p1)
2024-03-18 08:15:07,968 INFO Authentication (publickey) successful!
2024-03-18 08:15:07,968 INFO 
Accessing Intage SFTP.
2024-03-18 08:15:07,968 INFO Connected.
2024-03-18 08:15:08,515 INFO [chan 0] Opened sftp connection (server version 3)
2024-03-18 08:15:08,875 INFO [chan 0] sftp session closed.
2024-03-18 08:15:08,875 INFO Intage SFTP check completed, no missing file and all files above minimum size, no email will be sent out.
2024-03-18 08:15:08,875 INFO All files are ok: 
2024-03-18 08:15:08,875 INFO {
  "File1": {
    "Name": "/gxl-intage/data/exports/addon/X-2/jp_intage_addon20240316.csv.gz",
    "File size (byte)": 137764874,
    "Expected minimum filesize (byte)": 120000000
  }
}
2024-03-18 08:15:08,875 INFO Updating tLog logID: f0ae96dd-7ce2-49d7-869c-d84b9ac6c9ff with status: 1
2024-03-18 08:15:09,015 INFO SGTAM log updated.
